<?xml version="1.0" encoding="UTF-8"?>
<!-- Generated by org.testng.reporters.JUnitReportReporter -->
<testsuite hostname="LAPTOP-9R28PHSE" failures="0" tests="3" name="StepDef.dp" time="0.004" errors="0" timestamp="2021-08-23T17:57:15 IST" skipped="0">
  <testcase classname="StepDef.dp" name="mydp" time="0.000"/>
  <system-out/>
  <testcase classname="StepDef.dp" name="mydp" time="0.001"/>
  <system-out/>
  <testcase classname="StepDef.dp" name="mydp" time="0.003"/>
  <system-out/>
</testsuite> <!-- StepDef.dp -->
